<?xml version="1.0" encoding="UTF-8"?>
<!-- Generated by org.testng.reporters.JUnitReportReporter -->
<testsuite hostname="DESKTOP-39F4HB5" failures="0" tests="1" name="ty.Pgm1" time="23.413" errors="0" timestamp="2023-06-02T18:35:38 IST" skipped="0">
  <testcase classname="ty.Pgm1" name="main" time="23.413"/>
  <system-out/>
</testsuite> <!-- ty.Pgm1 -->
