<?xml version="1.0" encoding="UTF-8"?>
<!-- Generated by org.testng.reporters.JUnitReportReporter -->
<testsuite hostname="DESKTOP-39F4HB5" failures="0" tests="1" name="ty.P2" time="0.013" errors="0" timestamp="2023-06-02T17:56:59 IST" skipped="0">
  <testcase classname="ty.P2" name="main" time="0.013"/>
  <system-out/>
</testsuite> <!-- ty.P2 -->
